0 info it worked if it ends with ok
1 verbose cli [ '/usr/bin/node', '/usr/bin/npm', 'run', 'udhado' ]
2 info using npm@3.5.2
3 info using node@v8.10.0
4 verbose run-script [ 'preudhado', 'udhado', 'postudhado' ]
5 info lifecycle webviewer@5.1.8~preudhado: webviewer@5.1.8
6 silly lifecycle webviewer@5.1.8~preudhado: no script for preudhado, continuing
7 info lifecycle webviewer@5.1.8~udhado: webviewer@5.1.8
8 verbose lifecycle webviewer@5.1.8~udhado: unsafe-perm in lifecycle true
9 verbose lifecycle webviewer@5.1.8~udhado: PATH: /usr/share/npm/bin/node-gyp-bin:/home/techgropse/Desktop/projects/WebViewer/node_modules/.bin:/usr/local/sbin:/usr/local/bin:/usr/sbin:/usr/bin:/sbin:/bin:/usr/games:/usr/local/games:/snap/bin
10 verbose lifecycle webviewer@5.1.8~udhado: CWD: /home/techgropse/Desktop/projects/WebViewer
11 silly lifecycle webviewer@5.1.8~udhado: Args: [ '-c', 'sudo fuser -k 3000/tcp' ]
12 silly lifecycle webviewer@5.1.8~udhado: Returned: code: 1  signal: null
13 info lifecycle webviewer@5.1.8~udhado: Failed to exec udhado script
14 verbose stack Error: webviewer@5.1.8 udhado: `sudo fuser -k 3000/tcp`
14 verbose stack Exit status 1
14 verbose stack     at EventEmitter.<anonymous> (/usr/share/npm/lib/utils/lifecycle.js:232:16)
14 verbose stack     at emitTwo (events.js:126:13)
14 verbose stack     at EventEmitter.emit (events.js:214:7)
14 verbose stack     at ChildProcess.<anonymous> (/usr/share/npm/lib/utils/spawn.js:24:14)
14 verbose stack     at emitTwo (events.js:126:13)
14 verbose stack     at ChildProcess.emit (events.js:214:7)
14 verbose stack     at maybeClose (internal/child_process.js:925:16)
14 verbose stack     at Process.ChildProcess._handle.onexit (internal/child_process.js:209:5)
15 verbose pkgid webviewer@5.1.8
16 verbose cwd /home/techgropse/Desktop/projects/WebViewer
17 error Linux 4.15.0-48-generic
18 error argv "/usr/bin/node" "/usr/bin/npm" "run" "udhado"
19 error node v8.10.0
20 error npm  v3.5.2
21 error code ELIFECYCLE
22 error webviewer@5.1.8 udhado: `sudo fuser -k 3000/tcp`
22 error Exit status 1
23 error Failed at the webviewer@5.1.8 udhado script 'sudo fuser -k 3000/tcp'.
23 error Make sure you have the latest version of node.js and npm installed.
23 error If you do, this is most likely a problem with the webviewer package,
23 error not with npm itself.
23 error Tell the author that this fails on your system:
23 error     sudo fuser -k 3000/tcp
23 error You can get information on how to open an issue for this project with:
23 error     npm bugs webviewer
23 error Or if that isn't available, you can get their info via:
23 error     npm owner ls webviewer
23 error There is likely additional logging output above.
24 verbose exit [ 1, true ]
